<?xml version="1.0" encoding="UTF-8"?>
<!-- Generated by org.testng.reporters.JUnitReportReporter -->
<testsuite hostname="LIN60017067" failures="0" tests="1" name="testCases.TC01_LoginOrangeHRM" time="8.312" errors="0" timestamp="2023-12-22T12:00:29 IST" skipped="0">
  <testcase classname="testCases.TC01_LoginOrangeHRM" name="logintest" time="8.312"/>
</testsuite> <!-- testCases.TC01_LoginOrangeHRM -->
